Initial population:
1010110000011111010110 1.01706 0 0
0101110001100000101110 0.0825526 0 0
0011100111011110011100 -0.321848 0 0
0101111010000010101111 0.107547 0 0
1010000110011001010000 0.893735 0 0
1000110000101111000110 0.642781 0 0
1101110001010001101110 1.58187 0 0
1011101000010101011101 1.18067 0 0
0011110010100000011110 -0.289529 0 0
0100111001011000100111 -0.0818812 0 0
0000011001110110000011 -0.924284 0 0
0110101000110000110101 0.244423 0 0
0001111100100110001111 -0.634968 0 0
0101001011000100101001 -0.0300607 0 0
0110011111000000110011 0.215857 0 0
1010001100100101010001 0.911863 0 0
0110010001010110110010 0.175848 0 0
1001111110000001001111 0.869198 0 0
0110011100101000110011 0.208899 0 0
0100010010011110100010 -0.195868 0 0

Step 0:
Populatia dupa crossover:
1000110000101111000110 0.642781 2.22961 0.0615336
0110011111011111010110 0.215857 2.16926 0.059868
1010110000000000110011 1.01706 1.98265 0.0547178
0110011100101000110110 0.208899 2.16526 0.0597575
0101111010000010101111 0.107547 2.09598 0.0578455
1000110000101111000011 0.642781 2.22961 0.0615336
1000110000101101010001 0.642781 2.22961 0.0615336
1010001100100111000110 0.911863 2.08037 0.0574147
1011101000010101011101 1.18067 1.78669 0.0493096
1001111110000001001111 0.869198 2.11369 0.0583344
0011100111011110011100 -0.321848 1.57456 0.0434553
0101001011000100101001 -0.0300607 1.96904 0.0543421
0101111010000010101111 0.107547 2.09598 0.0578455
1010000110011001010000 0.893735 2.09497 0.0578178
1000110000101111000110 0.642781 2.22961 0.0615336
0100111001011000100111 -0.0818812 1.91141 0.0527518
0011110010100000011110 -0.289529 1.62664 0.0448926
0100111001011000100111 -0.0818812 1.91141 0.0527518
1000110000101111000110 0.642781 2.22961 0.0615336
1010110000011111010110 1.01706 1.98265 0.0547178

Step 1:
Populatia dupa crossover:
1000110000101101010001 0.642781 2.22964 0.0547677
0101001011000100101000 -0.0300607 1.96904 0.0483664
1000110000101111000110 0.642781 2.22961 0.0547671
0100111001011000100111 -0.0818812 1.91141 0.046951
1010000110011001010001 0.893735 2.09497 0.0514598
0101111010000010101111 0.107547 2.09598 0.0514846
1000110000101111000110 0.642781 2.22961 0.0547671
0101111010000010100111 0.107547 2.09598 0.0514846
1000110000101111000110 0.642781 2.22961 0.0547671
1010110000000000110011 1.01706 1.98409 0.0487362
0110011111011111010110 0.215857 2.17006 0.0533041
1000110000101111000011 0.642781 2.22961 0.0547671
0011110010100000011110 -0.289529 1.62664 0.039956
1000110000101111000011 0.642781 2.22961 0.0547671
0110011100101000110110 0.208899 2.16526 0.0531864
0110011100101000110110 0.208899 2.16526 0.0531864
0100111001011000101111 -0.0818812 1.91141 0.046951
1010000110011001010000 0.893735 2.09497 0.0514598
0011100111011110011100 -0.321848 1.57456 0.0386768
0110011111011111010110 0.215857 2.17006 0.0533041

Step 2:
Populatia dupa crossover:
1000110000101101010001 0.642781 2.22964 0.0538463
0101001011000100101000 -0.0300607 1.96903 0.0475527
1000110000101101010001 0.642781 2.22964 0.0538463
1000110000101111000011 0.642781 2.22961 0.0538458
0110011100101000110110 0.208899 2.16526 0.0522916
1000110000101111000011 0.642781 2.22961 0.0538458
0110011111011111010110 0.215857 2.17006 0.0524074
0011110010100000011110 -0.289529 1.62664 0.0392839
0011100111011110011100 -0.321848 1.57456 0.0380261
0101111010000010100111 0.107547 2.09598 0.0506184
1010000111011110011100 0.893735 2.09497 0.0505942
0011100110011001010001 -0.321848 1.57456 0.0380261
0100111001101111000110 -0.0818812 1.91142 0.0461613
1000110000101111000110 0.642781 2.22961 0.0538458
1000110000011000101111 0.642781 2.22961 0.0538458
1000110000101111000111 0.642781 2.22961 0.0538458
0100111001011000100110 -0.0818812 1.91141 0.0461612
0100111001011000101111 -0.0818812 1.91142 0.0461613
0101111010000001010001 0.107547 2.09598 0.0506185
1010000110011010101111 0.893735 2.09497 0.0505942

Step 3:
Populatia dupa crossover:
1000110000011000101111 0.642781 2.2299 0.0546582
0101111010000010100111 0.107547 2.09598 0.0513754
1000110000101101010001 0.642781 2.22961 0.054651
1000110000101111000110 0.642781 2.22964 0.0546516
1000110000101101010001 0.642781 2.22964 0.0546516
0100111100101000110110 -0.0818812 1.91261 0.0468808
0110011001101111000110 0.208899 2.16526 0.0530737
0100111001011000100110 -0.0818812 1.91141 0.0468515
1010000111011110011100 0.893735 2.09247 0.0512894
0100111001101111000110 -0.0818812 1.91261 0.0468808
0100111001011000101111 -0.0818812 1.91142 0.0468517
0100111001011000100110 -0.0818812 1.91141 0.0468515
1000110000101101010001 0.642781 2.22964 0.0546516
1000110000101111000011 0.642781 2.22961 0.054651
0101111010000010100111 0.107547 2.09598 0.0513754
1010000110011010101111 0.893735 2.09492 0.0513495
0011110010100000011110 -0.289529 1.62664 0.0398714
1010000110011010101111 0.893735 2.09492 0.0513495
1000110000101101010001 0.642781 2.22964 0.0546516
1010000110011010101111 0.893735 2.09492 0.0513495

Step 4:
Populatia dupa crossover:
1000110000011000101101 0.642781 2.2299 0.0536899
0101111010000010100111 0.107547 2.09598 0.0504653
1010000110011010101111 0.893735 2.09492 0.0504399
1000110000101111000110 0.642781 2.22961 0.0536829
1000110000101101010011 0.642781 2.22964 0.0536835
1000110000101101010001 0.642781 2.22964 0.0536835
0100111001101111000110 -0.0818812 1.91261 0.0460504
0110011010000010100111 0.208899 2.16024 0.0520126
1000110000101101010001 0.642781 2.22964 0.0536835
0100111001011000100110 -0.0818812 1.91141 0.0460215
1010000110011010101111 0.893735 2.09492 0.0504399
0101111001101111000110 0.107547 2.09598 0.0504653
1010000110011010101111 0.893735 2.09492 0.0504399
1000110000101111000011 0.642781 2.22961 0.0536829
1000110000101111000011 0.642781 2.22961 0.0536829
1010000110011010101111 0.893735 2.09492 0.0504399
1010000110011010101111 0.893735 2.09492 0.0504399
0100111001011000100110 -0.0818812 1.91141 0.0460215
1000110000101111000110 0.642781 2.22961 0.0536829
0100111001011000100110 -0.0818812 1.91141 0.0460215

Step 5:
Populatia dupa crossover:
1000110000011000101101 0.642781 2.22991 0.052703
0110011010000010100111 0.208899 2.16077 0.0510691
0100111001101111000110 -0.0818812 1.91261 0.0452039
1010000110011010101111 0.893735 2.09492 0.0495127
1000110000101111000110 0.642781 2.22961 0.0526962
1000110000101111000011 0.642781 2.22961 0.0526962
1010000110011010101111 0.893735 2.09492 0.0495127
1000110000101101010001 0.642781 2.22961 0.0526962
0101111001101111000110 0.107547 2.09527 0.0495211
1000110000101111000011 0.642781 2.22964 0.0526967
1010000110011010101111 0.893735 2.09492 0.0495127
1010000110011010101111 0.893735 2.09492 0.0495127
1010000110011010101111 0.893735 2.09492 0.0495127
1010000110011010101111 0.893735 2.09492 0.0495127
0101111010000010100111 0.107547 2.09598 0.0495377
1000110000101111000011 0.642781 2.22961 0.0526962
0100111001101111000110 -0.0818812 1.91261 0.0452039
0100111001011000100110 -0.0818812 1.91141 0.0451756
1000110000101111000011 0.642781 2.22961 0.0526962
1000110000101111000110 0.642781 2.22961 0.0526962

Step 6:
Populatia dupa crossover:
1000110000011000101101 0.642781 2.22991 0.052474
1000110000101111000011 0.642781 2.22961 0.0524672
0101111000011000101101 0.107547 2.09527 0.0493059
1000110001101111000110 0.642781 2.22991 0.052474
0101111010000010100111 0.107547 2.09598 0.0493224
1000110000101111000110 0.642781 2.22961 0.0524672
1000110000101111000011 0.642781 2.22961 0.0524672
1000110000011000101101 0.642781 2.22991 0.052474
0101111001101111000110 0.107547 2.09527 0.0493059
0101111010000010100111 0.107547 2.09598 0.0493224
1000110000101101010001 0.642781 2.22961 0.0524672
1000110000101111000011 0.642781 2.22964 0.0524677
1010000110011010100111 0.893735 2.09492 0.0492976
1010000110011010101111 0.893735 2.09492 0.0492976
1010000110011010101111 0.893735 2.09492 0.0492976
1010000110011010101111 0.893735 2.09492 0.0492976
0101111010000010101111 0.107547 2.09598 0.0493224
0101111010000010100111 0.107547 2.09598 0.0493224
1000110000101111000011 0.642781 2.22961 0.0524672
1000110000101111000011 0.642781 2.22961 0.0524672

Step 7:
Populatia dupa crossover:
1000110000011000101101 0.642781 2.22991 0.0515622
1010000110011010101111 0.893735 2.09492 0.0484409
1010000110011010101111 0.893735 2.09492 0.0484409
1000110000101111000011 0.642781 2.22961 0.0515554
1000110000100010101111 0.642781 2.22961 0.0515554
1010000110011010100111 0.893735 2.09492 0.048441
1000110000011000101101 0.642781 2.22991 0.0515622
0101111010000010100111 0.107547 2.09598 0.0484653
1000110000011000101101 0.642781 2.22991 0.0515622
0101111010001111000110 0.107547 2.09598 0.0484654
1000110000101111000011 0.107547 2.09598 0.0484653
1000110001101111000110 0.642781 2.22877 0.0515359
0101111010000010100111 0.642781 2.22961 0.0515554
1000110000101111000011 0.642781 2.22961 0.0515554
1010000110011010101111 0.893735 2.09492 0.0484409
1000110000011000101101 0.642781 2.22991 0.0515622
1000110000011000101101 0.642781 2.22991 0.0515622
0101111010000010100111 0.107547 2.09598 0.0484653
1010000110011010101111 0.893735 2.09492 0.0484409
0101111001101111000110 0.107547 2.09527 0.0484491

Step 8:
Populatia dupa crossover:
1000110000011000101101 0.642781 2.22991 0.0515571
0101111010000010100111 0.642781 2.09598 0.0484606
1000110000101111000011 0.642781 2.22961 0.0515504
1000110000011000101101 0.642781 2.22991 0.0515571
1000110000100010101111 0.642781 2.22977 0.0515541
0101111010000010100111 0.107547 2.09598 0.0484606
0101111001101111000110 0.107547 2.09527 0.0484444
1010000110011010101111 0.893735 2.09492 0.0484362
1010000110011010100111 0.893735 2.09492 0.0484363
0101111001101111000110 0.107547 2.09527 0.0484444
1000110000011000101101 0.642781 2.22991 0.0515571
1000110000011000101101 0.642781 2.22991 0.0515571
0101111010000010100111 0.642781 2.09598 0.0484606
1000110000101111000011 0.107547 2.22961 0.0515504
0101111010000010100111 0.107547 2.09598 0.0484606
1010000110011010101111 0.893735 2.09492 0.0484362
1010000110011010101111 0.893735 2.09492 0.0484362
0101111010000010100111 0.107547 2.09598 0.0484606
1010000110011010100111 0.893735 2.09492 0.0484363
1000110000101111000011 0.642781 2.22961 0.0515504

Step 9:
Populatia dupa crossover:
1000110000001111000011 0.642781 2.22991 0.0518784
0101111010000010100111 0.642781 2.09598 0.0487626
1000110000101111000011 0.642781 2.22961 0.0518717
0101111010000010100111 0.642781 2.09598 0.0487626
0101111010000010100111 0.107547 2.09598 0.0487626
1010000110011010101111 0.893735 2.09492 0.048738
0101111001101111000110 0.107547 2.09527 0.0487463
1000110000011000101101 0.642781 2.22991 0.0518784
1000110000011000101101 0.642781 2.22991 0.0518784
0101111001101111000110 0.107547 2.09527 0.0487463
0101111010000010100111 0.642781 2.09598 0.0487626
0101111001101111000110 0.107547 2.09527 0.0487463
0101111001101111000110 0.107547 2.09527 0.0487463
1010000110011010100111 0.893735 2.09492 0.0487381
1000110000101111000011 0.642781 2.22961 0.0518717
0101111001101111000110 0.107547 2.09527 0.0487463
1000110000111000101101 0.107547 2.22961 0.0518717
1010000110011010101111 0.893735 2.09492 0.048738
1000110000101111000011 0.107547 2.22961 0.0518717
1000110000011000101101 0.642781 2.22991 0.0518784

Step 10:
Populatia dupa crossover:
1000110000001111000011 0.642781 2.23003 0.0518815
1000110000101111000011 0.107547 2.22961 0.0518719
0101111001101111000110 0.107547 2.09527 0.0487464
1000110000011000101101 0.642781 2.22991 0.0518786
1000110000011000101101 0.642781 2.22991 0.0518786
1000110000011000101101 0.642781 2.22991 0.0518786
0101111001101111000110 0.107547 2.09527 0.0487464
0110000110011010100111 0.107547 2.09598 0.0487628
0101111001101111000110 0.107547 2.09527 0.0487464
0101111001101111000110 0.107547 2.09527 0.0487464
0101111010000010100111 0.107547 2.09598 0.0487628
0101111001101111000110 0.107547 2.09527 0.0487464
1001111010000010100111 0.893735 2.09492 0.0487383
1000110000011000101101 0.642781 2.22991 0.0518786
0101111001101111000110 0.107547 2.09527 0.0487464
0101111001101111000110 0.107547 2.09527 0.0487464
1000110000111000101101 0.107547 2.22949 0.0518689
0101111001101111000110 0.107547 2.09527 0.0487464
1000110000101111000011 0.642781 2.22961 0.0518719
0101111001101111000110 0.107547 2.09527 0.0487464

Step 11:
Populatia dupa crossover:
1000110000001111000011 0.642781 2.23003 0.0518165
1000110000111000101101 0.107547 2.22949 0.0518039
0101111001101111000110 0.107547 2.09527 0.0486853
0101111010000010100111 0.107547 2.09598 0.0487016
1000110000011000101101 0.642781 2.22991 0.0518136
1000110000111011000110 0.107547 2.22949 0.0518039
0101111001101111000110 0.107547 2.09527 0.0486853
0101111001101111000110 0.107547 2.09527 0.0486853
0101111001101100101101 0.107547 2.09527 0.0486853
1000110000001111000011 0.642781 2.23003 0.0518165
0101111001101111000110 0.107547 2.09527 0.0486853
1000110000011000101101 0.642781 2.22991 0.0518136
0101111001101111000110 0.107547 2.09527 0.0486853
1001111010000010100111 0.893735 2.12216 0.0493101
0101111001101111000110 0.107547 2.09527 0.0486853
0101111001101111000110 0.107547 2.09527 0.0486853
1000110000111000101101 0.107547 2.22949 0.0518039
1000110000101111000011 0.107547 2.22961 0.0518068
0101111001101111000110 0.107547 2.09527 0.0486853
0101111001101111000110 0.107547 2.09527 0.0486853

Step 12:
Populatia dupa crossover:
1000110000001111000110 0.642781 2.23003 0.0518507
1000110000101111000011 0.107547 2.22961 0.051841
0101111001101111000011 0.107547 2.09527 0.0487174
0101111001101111000110 0.107547 2.09527 0.0487174
1000110000101111000011 0.107547 2.22961 0.051841
0101111001101111000110 0.107547 2.09527 0.0487174
0101111001101111000110 0.107547 2.09527 0.0487174
1000110000111000101101 0.107547 2.22949 0.051838
0101111001101111000110 0.107547 2.09527 0.0487174
0101111000011000101101 0.107547 2.09527 0.0487174
1000110000111011000110 0.107547 2.22946 0.0518373
0101111001101100101101 0.107547 2.09519 0.0487154
1000110000001111000011 0.642781 2.23003 0.0518507
0101111001101111000110 0.107547 2.09527 0.0487174
1000110001101111000110 0.642781 2.22991 0.0518478
1000110001101100101101 0.642781 2.23003 0.0518507
0101111001101111000110 0.107547 2.09527 0.0487174
0101111001101111000110 0.107547 2.09527 0.0487174
0101111000001111000011 0.107547 2.09519 0.0487154
0101111001101111000110 0.107547 2.09527 0.0487174

Step 13:
Populatia dupa crossover:
1000110000001111000011 0.642781 2.23003 0.0518945
1000110001101111000110 0.642781 2.22877 0.0518651
1000110000101111000011 0.107547 2.22961 0.0518848
0101111001101111000110 0.107547 2.09527 0.0487586
1000110001101100101101 0.642781 2.2288 0.0518659
1000110001101100101101 0.642781 2.2288 0.0518659
0101111001101111000110 0.107547 2.09527 0.0487586
1000110001101100101101 0.642781 2.22877 0.0518651
1000110000101111000011 0.107547 2.22961 0.0518848
0101111001101111000110 0.107547 2.09527 0.0487586
0101111001101111000110 0.107547 2.09519 0.0487566
0101111001101100101101 0.107547 2.09527 0.0487586
1000110000111011000110 0.107547 2.22946 0.0518811
1000110000111000101101 0.107547 2.22949 0.0518819
1000110000101111000011 0.107547 2.22961 0.0518848
1000110000001111000110 0.642781 2.23003 0.0518945
0101111001101111000110 0.107547 2.09527 0.0487586
1000110001101100101101 0.642781 2.2288 0.0518659
0101111001101111000110 0.107547 2.09519 0.0487566
0101111001101100101101 0.107547 2.09519 0.0487566

Step 14:
Populatia dupa crossover:
1000110000001111000011 0.642781 2.23003 0.0512488
1000110000101111000110 0.107547 2.22961 0.0512392
1000110000101111000011 0.107547 2.22961 0.0512392
1000110000101111000011 0.107547 2.22961 0.0512392
0101111001101111000110 0.107547 2.09527 0.0481519
0101111001101111000011 0.107547 2.09527 0.0481519
0101111001101111000110 0.107547 2.09527 0.0481519
1000110000001111000110 0.642781 2.23003 0.0512487
0101111001101111000110 0.107547 2.09527 0.0481519
1000110000001111000011 0.642781 2.23003 0.0512488
0101111001101111000110 0.107547 2.09527 0.0481519
1000110001101100101101 0.642781 2.2288 0.0512205
1000110000101111000011 0.107547 2.22961 0.0512392
1000110000111011000110 0.107547 2.22946 0.0512356
1000110001101100101101 0.642781 2.2288 0.0512205
0101111001101111000110 0.107547 2.09527 0.0481519
1001111001101111000110 0.642781 2.2288 0.0512205
0100110001101100101101 0.107547 2.09527 0.0481519
0101111001101111000110 0.107547 2.09527 0.0481519
0101111001101111000110 0.107547 2.09527 0.0481519

Step 15:
Populatia dupa crossover:
1000110000001111000011 0.642781 2.23003 0.0517825
0101111001101111000110 0.107547 2.09527 0.0486534
1000110000101111000110 0.107547 2.22961 0.0517729
1000110000101111000011 0.107547 2.22961 0.0517729
0101111001101111000110 0.107547 2.09527 0.0486534
1000110000001111000110 0.642781 2.23003 0.0517825
1000110000101111000110 0.107547 2.22961 0.0517729
0101111001101111000110 0.107547 2.09527 0.0486534
0101111001101111000011 0.107547 2.09527 0.0486534
1000110000001111000011 0.642781 2.23003 0.0517825
0101111001101111000110 0.107547 2.09527 0.0486534
1001111001101111000110 0.642781 2.1228 0.0492926
0101111001101111000110 0.107547 2.09527 0.0486534
0101111001101111000110 0.107547 2.09527 0.0486534
1000110000001111000110 0.642781 2.23003 0.0517825
1000110000111011000110 0.107547 2.22946 0.0517692
0101111001101111000110 0.107547 2.09527 0.0486534
0101111001101111000110 0.107547 2.09527 0.0486534
1000110000001111000011 0.642781 2.23003 0.0517825
1000110000101111000011 0.107547 2.22961 0.0517729

Step 16:
Populatia dupa crossover:
1000110000001111000011 0.642781 2.23003 0.0515276
1000110000101111000110 0.107547 2.22961 0.051518
1000110000101111000011 0.107547 2.22961 0.051518
0101111001101111000110 0.107547 2.09527 0.0484139
1000110000101111000110 0.107547 2.22961 0.051518
0101111001101111000011 0.107547 2.09527 0.0484139
0101111001101111000110 0.107547 2.09527 0.0484139
1001111001101111000110 0.642781 2.1228 0.04905
1000110000001111000011 0.642781 2.23003 0.0515276
1000110000001111000110 0.642781 2.23003 0.0515276
1000110000101111000011 0.107547 2.22961 0.051518
1000110000101111000011 0.107547 2.22961 0.051518
1000110000001111000011 0.642781 2.23003 0.0515276
1000110000001111000011 0.642781 2.23003 0.0515276
0101111001101111000110 0.107547 2.09527 0.0484139
0101111001101111000110 0.107547 2.09527 0.0484139
0101111001101111000011 0.107547 2.09527 0.0484139
0101111001101111000110 0.107547 2.09527 0.0484139
0101111001101111000110 0.107547 2.09527 0.0484139
0101111001101111000110 0.107547 2.09527 0.0484139

Step 17:
Populatia dupa crossover:
1000110000001111000011 0.642781 2.23003 0.0515275
1000110000001111000110 0.642781 2.23003 0.0515275
1001111001101111000011 0.642781 2.1228 0.0490498
0101111001101111000011 0.107547 2.09527 0.0484137
1001111001101111000110 0.642781 2.1228 0.0490498
0101111001101111000110 0.107547 2.09527 0.0484138
1000110000101111000110 0.107547 2.22961 0.0515178
1000110000101111000011 0.107547 2.22961 0.0515178
1000110000101111000011 0.107547 2.22961 0.0515178
0101111001101111000110 0.107547 2.09527 0.0484138
0101111001101111000110 0.107547 2.09527 0.0484138
1000110000001111000011 0.642781 2.23003 0.0515275
1000110000001111000110 0.642781 2.23003 0.0515274
0101111001101111000110 0.107547 2.09527 0.0484138
0101111001101111000110 0.107547 2.09527 0.0484138
0101111001101111000110 0.107547 2.09527 0.0484138
0101111001101111000011 0.107547 2.09527 0.0484137
0101111001101111000110 0.107547 2.09527 0.0484138
1000110000001111000011 0.642781 2.23003 0.0515275
0101111001101111000011 0.107547 2.09527 0.0484137

Step 18:
Populatia dupa crossover:
1000111001101111000011 0.642781 2.23003 0.0518162
0101111001101111000011 0.107547 2.09527 0.048685
0101111001101111000110 0.107547 2.09527 0.048685
1001111001101111000110 0.642781 2.1228 0.0493247
0101111001101111000011 0.107547 2.09527 0.048685
0101111001101111000011 0.107547 2.09527 0.048685
0101111001101111000011 0.107547 2.09527 0.048685
0101111001101111000011 0.107547 2.09527 0.048685
1001111001101111000011 0.642781 2.1228 0.0493247
0101110000001111000011 0.107547 2.09527 0.048685
1000110000101111000011 0.107547 2.22961 0.0518065
0101111000001111000011 0.107547 2.09527 0.048685
0101111001101111000011 0.107547 2.09527 0.048685
1000110001101111000110 0.642781 2.23003 0.0518162
0101111001101111000011 0.107547 2.09527 0.048685
0101111001101111000110 0.107547 2.09527 0.048685
1000110000101111000110 0.107547 2.22961 0.0518065
0101111001101111000110 0.107547 2.09527 0.048685
0101111001101111000011 0.107547 2.09527 0.048685
0101111001101111000110 0.107547 2.09527 0.048685

Step 19:
Populatia dupa crossover:
1000110000101111000011 0.107547 2.22961 0.0525076
0101111001101111000011 0.107547 2.09527 0.0493439
0101111001101111000011 0.107547 2.09527 0.0493439
0101111001101111000011 0.107547 2.09527 0.0493439
0101111001101111000110 0.107547 2.09527 0.0493439
0101111001101111000011 0.107547 2.09527 0.0493439
0101111001101111000011 0.107547 2.09527 0.0493439
0101111001101111000011 0.107547 2.09527 0.0493439
0101111000001111000011 0.107547 2.0918 0.049262
0101111001101111000110 0.107547 2.09527 0.0493439
0101111001101111000011 0.107547 2.09527 0.0493439
1001111001101111000011 0.107547 2.22961 0.0525076
0101111001101111000011 0.107547 2.09527 0.0493439
0101111001101111000110 0.107547 2.09527 0.0493439
1000110001101111000110 0.642781 2.22877 0.0524877
0101111001101111000110 0.107547 2.09527 0.0493439
0101111001101111000011 0.107547 2.09527 0.0493439
0101111001101111000011 0.107547 2.09527 0.0493439
0100110000101111000110 0.107547 2.09527 0.0493439
1000110001101111000110 0.642781 2.22877 0.0524877

Step 20:
Populatia dupa crossover:
1000110000101111000011 0.107547 2.22961 0.0529388
0101111001101111000011 0.107547 2.09527 0.049749
1000110000101111000011 0.107547 2.22961 0.0529388
0101111001101111000011 0.107547 2.09527 0.049749
0101111001101111000110 0.107547 2.09527 0.0497491
0101111001101111000011 0.107547 2.09527 0.049749
0100110000101111000110 0.107547 1.88128 0.0446682
0101111001101111000110 0.107547 2.09527 0.0497491
0101111001101111000011 0.107547 2.09527 0.049749
1000110000101111000011 0.107547 2.22961 0.0529388
0101111001101111000011 0.107547 2.09527 0.049749
1000110001101111000110 0.642781 2.22877 0.0529187
0101111001101111000011 0.107547 2.09527 0.049749
0101111001101111000011 0.107547 2.09527 0.049749
1000110000101111000011 0.107547 2.22961 0.0529388
0101111001101111000011 0.107547 2.09527 0.049749
0101111001101111000110 0.107547 2.09527 0.0497491
0101111001101111000110 0.107547 2.09527 0.0497491
0101111000001111000011 0.107547 2.0918 0.0496665
0101111001101111000110 0.107547 2.09527 0.0497491

Step 21:
Populatia dupa crossover:
1000110000101111000011 0.107547 2.22961 0.0526363
1000110000101111000011 0.107547 2.22961 0.0526363
0101111001101111000011 0.107547 2.09527 0.0494648
0101111001101111000110 0.107547 2.09527 0.0494648
0101111001101111000110 0.107547 2.09527 0.0494648
1000110000101111000011 0.107547 2.22961 0.0526363
0101111001101111000110 0.107547 2.09527 0.0494648
0101111001101111000011 0.107547 2.09527 0.0494648
1000110001101111000110 0.642781 2.22877 0.0526164
0101111001101111000011 0.107547 2.09527 0.0494648
0101111001101111000011 0.107547 2.09527 0.0494648
0101111001101111000110 0.107547 2.09527 0.0494648
0100110000101111000011 0.107547 1.88128 0.044413
0100110001101111000110 0.107547 2.0918 0.0493827
0101111001101111000011 0.107547 2.09527 0.0494648
1001111000001111000011 0.642781 2.22877 0.0526164
1000110000101111000011 0.107547 2.22961 0.0526363
0101111001101111000011 0.107547 2.09527 0.0494648
0101111001101111000110 0.107547 2.09527 0.0494648
0101111000001111000011 0.107547 2.0918 0.0493827

Step 22:
Populatia dupa crossover:
1000110000101111000011 0.107547 2.22961 0.0528607
0101111001101111000110 0.107547 2.09527 0.0496757
1000110000101111000011 0.107547 2.22961 0.0528607
0101111001101111000110 0.107547 2.09527 0.0496757
0101111001101111000011 0.107547 2.09527 0.0496757
0101111001101111000011 0.107547 2.09527 0.0496757
0101111001101111000011 0.107547 2.09527 0.0496757
0101111001101111000110 0.107547 2.09527 0.0496757
1000110000101111000011 0.107547 2.22961 0.0528607
0101111001101111000011 0.107547 2.09527 0.0496757
0101111001101111000110 0.107547 2.09527 0.0496757
1001111000001111000011 0.642781 2.12592 0.0504022
0101111000001111000011 0.107547 2.0918 0.0495932
0101111001101111000110 0.107547 2.09527 0.0496757
1000110000101111000011 0.107547 2.22961 0.0528607
0101111001101111000110 0.107547 2.09527 0.0496757
1000110000101111000011 0.107547 2.22961 0.0528607
0101111001101111000011 0.107547 2.09527 0.0496757
1000110000101111000011 0.107547 2.22961 0.0528607
0101111001101111000011 0.107547 2.09527 0.0496757

Step 23:
Populatia dupa crossover:
1000110000101111000011 0.107547 2.22961 0.0521685
0101111001101111000110 0.107547 2.09527 0.0490252
1000110000101111000011 0.107547 2.22961 0.0521685
0101111001101111000110 0.107547 2.09527 0.0490252
0101111001101111000011 0.107547 2.09527 0.0490252
1000110000101111000011 0.107547 2.22961 0.0521685
0101111001101111000011 0.107547 2.09527 0.0490252
1000110000101111000011 0.107547 2.22961 0.0521685
0101111001101111000110 0.107547 2.09527 0.0490252
0101111001101111000011 0.107547 2.09527 0.0490252
0101111000001111000011 0.107547 2.0918 0.0489439
1000110000101111000011 0.107547 2.22961 0.0521685
0101111001101111000011 0.107547 2.09527 0.0490252
1000110000101111000011 0.107547 2.22961 0.0521685
0101111001101111000011 0.107547 2.09527 0.0490252
0101111001101111000011 0.107547 2.09527 0.0490252
1000111001101111000011 0.107547 2.22961 0.0521685
0101111001101111000011 0.107547 2.09527 0.0490252
0101110000101111000011 0.107547 2.09527 0.0490252
0101111001101111000110 0.107547 2.09527 0.0490252

Step 24:
Populatia dupa crossover:
1000110000101111000011 0.107547 2.22961 0.0520783
0101111001101111000110 0.107547 2.09527 0.0489405
0101111001101111000011 0.107547 2.09527 0.0489404
0101111001101111000011 0.107547 2.09527 0.0489404
1000110000101111000011 0.107547 2.22961 0.0520783
1000110000101111000011 0.107547 2.22961 0.0520783
1000110000101111000011 0.107547 2.22961 0.0520783
0101111001101111000011 0.107547 2.09527 0.0489404
0101111001101111000110 0.107547 2.09527 0.0489405
0101111001101111000011 0.107547 2.09527 0.0489404
0101111001101111000110 0.107547 2.09527 0.0489405
1000110000101111000011 0.107547 2.22961 0.0520783
1000110000101111000011 0.107547 2.22961 0.0520783
0101111001101111000011 0.107547 2.09527 0.0489404
1000110000101111000011 0.107547 2.22961 0.0520783
0101111001101111000011 0.107547 2.09527 0.0489404
0101111001101111000110 0.107547 2.09527 0.0489405
0101111000001111000011 0.107547 2.0918 0.0488592
0101111001101111000011 0.107547 2.09527 0.0489404
0101111001101111000011 0.107547 2.09527 0.0489404

Step 25:
Populatia dupa crossover:
1000110000101111000011 0.107547 2.22961 0.0520423
0101111001101111000110 0.107547 2.09527 0.0489066
0101111001101111000110 0.107547 2.09527 0.0489066
1000110000101111000011 0.107547 2.22961 0.0520423
1000110000101111000011 0.107547 2.22961 0.0520423
1000110000101111000011 0.107547 2.22961 0.0520423
0101111000001111000011 0.107547 2.0918 0.0488254
0101110000101111000011 0.107547 2.09527 0.0489065
1000110000101111000011 0.107547 2.22961 0.0520423
1000111001101111000011 0.107547 2.22961 0.0520423
0101111000101111000011 0.107547 2.09527 0.0489066
0101111001101111000011 0.107547 2.09527 0.0489065
1000110001101111000110 0.107547 2.22961 0.0520423
0101111001101111000011 0.107547 2.09527 0.0489065
1000110000101111000011 0.107547 2.22961 0.0520423
0101111001101111000011 0.107547 2.09527 0.0489065
0101111000001111000011 0.107547 2.0918 0.0488254
0101111001101111000110 0.107547 2.09527 0.0489066
0101111001101111000110 0.107547 2.09527 0.0489066
0101111001101111000011 0.107547 2.09527 0.0489065

Step 26:
Populatia dupa crossover:
1000110000101111000011 0.107547 2.22961 0.0519234
0101111001101111000011 0.107547 2.09527 0.0487949
0101111000101111000011 0.107547 2.09296 0.048741
1000110000101111000011 0.107547 2.22961 0.0519234
0101110000101111000011 0.107547 2.09527 0.0487949
1000110001101111000110 0.107547 2.22877 0.0519037
1000110001101111000110 0.107547 2.22877 0.0519037
1000111001101111000110 0.107547 2.22961 0.0519234
1000111001101111000011 0.107547 2.22139 0.0517319
0101111001101111000011 0.107547 2.09527 0.0487949
1000110000101111000011 0.107547 2.22961 0.0519234
1000110001101111000110 0.107547 2.22877 0.0519037
0101111000001111000011 0.107547 2.0918 0.0487139
1000111001101111000011 0.107547 2.22139 0.0517319
1000110000101111000011 0.107547 2.22961 0.0519234
1000110001101111000110 0.107547 2.22877 0.0519037
1000111001101111000011 0.107547 2.22139 0.0517319
1000110000101111000011 0.107547 2.22961 0.0519234
0101111001101111000110 0.107547 2.09527 0.0487949
1000110000101111000011 0.107547 2.22961 0.0519234

Step 27:
Populatia dupa crossover:
1000110000101111000011 0.107547 2.22961 0.0509944
1000110000101111000110 0.107547 2.22961 0.0509944
1000110001101111000011 0.107547 2.22877 0.0509751
0101110000101111000011 0.107547 2.07383 0.0474315
1000110000101111000011 0.107547 2.22961 0.0509944
1000110000101111000011 0.107547 2.22961 0.0509944
1000110000101111000011 0.107547 2.22961 0.0509944
1000111001101111000011 0.107547 2.22139 0.0508063
1000110000101111000011 0.107547 2.22961 0.0509944
1000111001101111000011 0.107547 2.22139 0.0508063
0101111001101111000011 0.107547 2.09527 0.0479218
1000110001101111000110 0.107547 2.22877 0.0509751
1000111001101111000110 0.107547 2.22139 0.0508063
1000110000101111000011 0.107547 2.22961 0.0509944
1000111001101111000110 0.107547 2.22139 0.0508063
0101111001101111000011 0.107547 2.09527 0.0479218
1000111001101111000011 0.107547 2.22139 0.0508063
1000110000101111000011 0.107547 2.22961 0.0509944
1000110000101111000011 0.107547 2.22961 0.0509944
1000110000101111000011 0.107547 2.22961 0.0509944

Step 28:
Populatia dupa crossover:
1000110000101111000011 0.107547 2.22961 0.0505295
0101110000101111000011 0.107547 2.07383 0.0469991
0101111001101111000011 0.107547 2.09527 0.0474849
1000111001101111000011 0.107547 2.22139 0.0503431
1000110000101111000011 0.107547 2.22961 0.0505295
1000110000101111000110 0.107547 2.22961 0.0505295
1000111001101111000110 0.107547 2.22139 0.0503431
1000111001101111000011 0.107547 2.22139 0.0503431
1000110000101111000011 0.107547 2.22961 0.0505295
1000110001101111000110 0.107547 2.22877 0.0505103
1000111001101111000011 0.107547 2.22139 0.0503431
1000110000101111000011 0.107547 2.22961 0.0505295
1000110000101111000011 0.107547 2.22961 0.0505295
1000110000101111000011 0.107547 2.22961 0.0505295
1000110000101111000011 0.107547 2.22961 0.0505295
1000110000101111000110 0.107547 2.22961 0.0505295
1000110001101111000110 0.107547 2.22877 0.0505103
1000110000101111000011 0.107547 2.22961 0.0505295
1000110000101111000011 0.107547 2.22961 0.0505295
1000110000101111000011 0.107547 2.22961 0.0505295

Step 29:
Populatia dupa crossover:
1000110000101111000011 0.107547 2.22961 0.0503668
1000110000101111000011 0.107547 2.22961 0.0503668
1000110000101111000011 0.107547 2.22961 0.0503668
1000110000101111000011 0.107547 2.22961 0.0503668
1000110000101111000011 0.107547 2.22961 0.0503668
1000110001101111000110 0.107547 2.22877 0.0503477
1000110000101111000011 0.107547 2.22961 0.0503668
1000110000101111000011 0.107547 2.22961 0.0503668
1000110000101111000011 0.107547 2.22961 0.0503668
1000110000101111000011 0.107547 2.22961 0.0503668
1000111001101111000110 0.107547 2.22139 0.050181
1000110000101111000011 0.107547 2.22961 0.0503668
1000110001101111000110 0.107547 2.22877 0.0503477
1000111001101111000011 0.107547 2.22139 0.050181
1000110000101111000011 0.107547 2.22961 0.0503668
0101110000101111000011 0.107547 2.07383 0.0468477
1000110000101111000011 0.107547 2.22961 0.0503668
1000110000101111000110 0.107547 2.22961 0.0503667
1000110000101111000110 0.107547 2.22961 0.0503667
1000110001101111000110 0.107547 2.22877 0.0503477

Step 30:
Populatia dupa crossover:
1000110000101111000011 0.107547 2.22961 0.0501967
0101110000101111000011 0.107547 2.07383 0.0466896
1000110000101111000011 0.107547 2.22961 0.0501967
1000110000101111000011 0.107547 2.22961 0.0501967
1000110000101111000011 0.107547 2.22961 0.0501967
1000110000101111000011 0.107547 2.22961 0.0501967
1000110000101111000011 0.107547 2.22961 0.0501967
0101110000101111000011 0.107547 2.07383 0.0466896
1000110000101111000011 0.107547 2.22961 0.0501967
1000110000101111000110 0.107547 2.22961 0.0501967
1000110001101111000110 0.107547 2.22877 0.0501777
1000110000101111000011 0.107547 2.22961 0.0501967
1000110000101111000011 0.107547 2.22961 0.0501967
1000110000101111000011 0.107547 2.22961 0.0501967
1000111001101111000110 0.107547 2.22139 0.0500116
1000110000101111000011 0.107547 2.22961 0.0501967
1000111001101111000110 0.107547 2.22139 0.0500116
1000111001101111000011 0.107547 2.22139 0.0500116
1000110000101111000011 0.107547 2.22961 0.0501967
1000110000101111000011 0.107547 2.22961 0.0501967

Step 31:
Populatia dupa crossover:
1000110000101111000011 0.107547 2.22961 0.0503808
1000110000101111000011 0.107547 2.22961 0.0503808
1000111001101111000110 0.107547 2.22961 0.0503808
1000110000101111000011 0.107547 2.22961 0.0503808
1000111001101111000110 0.107547 2.22139 0.050195
1000110000101111000011 0.107547 2.22961 0.0503808
1000110000101111000011 0.107547 2.22961 0.0503808
1000110000101111000011 0.107547 2.22139 0.050195
0101110000101111000011 0.107547 2.07383 0.0468608
1000110000101111000011 0.107547 2.22961 0.0503808
1000110000101111000011 0.107547 2.22961 0.0503808
1000110000101111000011 0.107547 2.22961 0.0503808
1000110000101111000011 0.107547 2.22961 0.0503808
1000110000101111000011 0.107547 2.22961 0.0503808
1000110000101111000011 0.107547 2.22961 0.0503808
0101110000101111000011 0.107547 2.07383 0.0468608
1000110000101111000011 0.107547 2.22961 0.0503808
1000110000101111000110 0.107547 2.22961 0.0503808
1000110000101111000011 0.107547 2.22961 0.0503808
1000110000101111000011 0.107547 2.22961 0.0503808

Step 32:
Populatia dupa crossover:
1000110000101111000011 0.107547 2.22961 0.0503705
1000110000101111000011 0.107547 2.22961 0.0503705
1000110000101111000011 0.107547 2.22961 0.0503705
1000110000101111000011 0.107547 2.22961 0.0503705
1000110000101111000011 0.107547 2.22961 0.0503705
1000110000101111000011 0.107547 2.22961 0.0503705
1000110000101111000011 0.107547 2.22961 0.0503705
1000110000101111000110 0.107547 2.22961 0.0503705
1000110000101111000011 0.107547 2.22961 0.0503705
1000110000101111000011 0.107547 2.22961 0.0503705
1000110000101111000011 0.107547 2.22961 0.0503705
1000110000101111000011 0.107547 2.22961 0.0503705
0101110000101111000011 0.107547 2.07383 0.0468512
0101110000101111000011 0.107547 2.07383 0.0468512
1000110000101111000011 0.107547 2.22961 0.0503705
1000110000101111000011 0.107547 2.22961 0.0503705
1000110000101111000011 0.107547 2.22961 0.0503705
1000110000101111000011 0.107547 2.22961 0.0503705
1000110000101111000011 0.107547 2.22961 0.0503705
1000110000101111000011 0.107547 2.22961 0.0503705

Step 33:
Populatia dupa crossover:
1000110000101111000011 0.107547 2.22961 0.0503518
1000110000101111000011 0.107547 2.22961 0.0503518
1000110000101111000011 0.107547 2.22961 0.0503518
1000110000101111000011 0.107547 2.22961 0.0503518
1000110000101111000011 0.107547 2.22961 0.0503518
1000110000101111000011 0.107547 2.22961 0.0503518
1000110000101111000011 0.107547 2.22961 0.0503518
1000110000101111000011 0.107547 2.22961 0.0503518
0101110000101111000011 0.107547 2.07383 0.0468338
0101110000101111000011 0.107547 2.07383 0.0468338
1000110000101111000011 0.107547 2.22961 0.0503518
1000110000101111000011 0.107547 2.22961 0.0503518
0101110000101111000011 0.107547 2.07383 0.0468338
1000110000101111000011 0.107547 2.22961 0.0503518
1000110000101111000011 0.107547 2.22961 0.0503518
1000110000101111000011 0.107547 2.22961 0.0503518
1000110000101111000011 0.107547 2.22961 0.0503518
1000110000101111000011 0.107547 2.22961 0.0503518
1000110000101111000011 0.107547 2.22961 0.0503518
1000110000101111000011 0.107547 2.22961 0.0503518

Step 34:
Populatia dupa crossover:
1000110000101111000011 0.107547 2.22961 0.0505296
1000110000101111000011 0.107547 2.22961 0.0505296
1000110000101111000011 0.107547 2.22961 0.0505296
1000110000101111000011 0.107547 2.22961 0.0505296
1000110000101111000011 0.107547 2.22961 0.0505296
0101110000101111000011 0.107547 2.07383 0.0469991
1000110000101111000011 0.107547 2.22961 0.0505296
1000110000101111000011 0.107547 2.22961 0.0505296
1000110000101111000011 0.107547 2.22961 0.0505296
1000110000101111000011 0.107547 2.22961 0.0505296
1000110000101111000011 0.107547 2.22961 0.0505296
1000110000101111000011 0.107547 2.22961 0.0505296
1000110000101111000011 0.107547 2.22961 0.0505296
1000110000101111000011 0.107547 2.22961 0.0505296
1000110000101111000011 0.107547 2.22961 0.0505296
1000110000101111000011 0.107547 2.22961 0.0505296
1000110000101111000011 0.107547 2.22961 0.0505296
1000110000101111000011 0.107547 2.22961 0.0505296
1000110000101111000011 0.107547 2.22961 0.0505296
1000110000101111000011 0.107547 2.22961 0.0505296

Step 35:
Populatia dupa crossover:
1000110000101111000011 0.107547 2.22961 0.0501753
1000110000101111000011 0.107547 2.22961 0.0501753
1000110000101111000011 0.107547 2.22961 0.0501753
1000110000101111000011 0.107547 2.22961 0.0501753
1000110000101111000011 0.107547 2.22961 0.0501753
1000110000101111000011 0.107547 2.22961 0.0501753
1000110000101111000011 0.107547 2.22961 0.0501753
1000110000101111000011 0.107547 2.22961 0.0501753
1000110000101111000011 0.107547 2.22961 0.0501753
1000110000101111000011 0.107547 2.22961 0.0501753
1000110000101111000011 0.107547 2.22961 0.0501753
1000110000101111000011 0.107547 2.22961 0.0501753
1000110000101111000011 0.107547 2.22961 0.0501753
1000110000101111000011 0.107547 2.22961 0.0501753
1000110000101111000011 0.107547 2.22961 0.0501753
1000110000101111000011 0.107547 2.22961 0.0501753
1000110000101111000011 0.107547 2.22961 0.0501753
1000110000101111000011 0.107547 2.22961 0.0501753
1000110000101111000011 0.107547 2.22961 0.0501753
1000110000101111000011 0.107547 2.22961 0.0501753

Step 36:
Populatia dupa crossover:
1000110000101111000011 0.107547 2.22961 0.05
1000110000101111000011 0.107547 2.22961 0.05
1000110000101111000011 0.107547 2.22961 0.05
1000110000101111000011 0.107547 2.22961 0.05
1000110000101111000011 0.107547 2.22961 0.05
1000110000101111000011 0.107547 2.22961 0.05
1000110000101111000011 0.107547 2.22961 0.05
1000110000101111000011 0.107547 2.22961 0.05
1000110000101111000011 0.107547 2.22961 0.05
1000110000101111000011 0.107547 2.22961 0.05
1000110000101111000011 0.107547 2.22961 0.05
1000110000101111000011 0.107547 2.22961 0.05
1000110000101111000011 0.107547 2.22961 0.05
1000110000101111000011 0.107547 2.22961 0.05
1000110000101111000011 0.107547 2.22961 0.05
1000110000101111000011 0.107547 2.22961 0.05
1000110000101111000011 0.107547 2.22961 0.05
1000110000101111000011 0.107547 2.22961 0.05
1000110000101111000011 0.107547 2.22961 0.05
1000110000101111000011 0.107547 2.22961 0.05

Step 37:
Populatia dupa crossover:
1000110000101111000011 0.107547 2.22961 0.05
1000110000101111000011 0.107547 2.22961 0.05
1000110000101111000011 0.107547 2.22961 0.05
1000110000101111000011 0.107547 2.22961 0.05
1000110000101111000011 0.107547 2.22961 0.05
1000110000101111000011 0.107547 2.22961 0.05
1000110000101111000011 0.107547 2.22961 0.05
1000110000101111000011 0.107547 2.22961 0.05
1000110000101111000011 0.107547 2.22961 0.05
1000110000101111000011 0.107547 2.22961 0.05
1000110000101111000011 0.107547 2.22961 0.05
1000110000101111000011 0.107547 2.22961 0.05
1000110000101111000011 0.107547 2.22961 0.05
1000110000101111000011 0.107547 2.22961 0.05
1000110000101111000011 0.107547 2.22961 0.05
1000110000101111000011 0.107547 2.22961 0.05
1000110000101111000011 0.107547 2.22961 0.05
1000110000101111000011 0.107547 2.22961 0.05
1000110000101111000011 0.107547 2.22961 0.05
1000110000101111000011 0.107547 2.22961 0.05

Step 38:
Populatia dupa crossover:
1000110000101111000011 0.107547 2.22961 0.05
1000110000101111000011 0.107547 2.22961 0.05
1000110000101111000011 0.107547 2.22961 0.05
1000110000101111000011 0.107547 2.22961 0.05
1000110000101111000011 0.107547 2.22961 0.05
1000110000101111000011 0.107547 2.22961 0.05
1000110000101111000011 0.107547 2.22961 0.05
1000110000101111000011 0.107547 2.22961 0.05
1000110000101111000011 0.107547 2.22961 0.05
1000110000101111000011 0.107547 2.22961 0.05
1000110000101111000011 0.107547 2.22961 0.05
1000110000101111000011 0.107547 2.22961 0.05
1000110000101111000011 0.107547 2.22961 0.05
1000110000101111000011 0.107547 2.22961 0.05
1000110000101111000011 0.107547 2.22961 0.05
1000110000101111000011 0.107547 2.22961 0.05
1000110000101111000011 0.107547 2.22961 0.05
1000110000101111000011 0.107547 2.22961 0.05
1000110000101111000011 0.107547 2.22961 0.05
1000110000101111000011 0.107547 2.22961 0.05

Step 39:
Populatia dupa crossover:
1000110000101111000011 0.107547 2.22961 0.05
1000110000101111000011 0.107547 2.22961 0.05
1000110000101111000011 0.107547 2.22961 0.05
1000110000101111000011 0.107547 2.22961 0.05
1000110000101111000011 0.107547 2.22961 0.05
1000110000101111000011 0.107547 2.22961 0.05
1000110000101111000011 0.107547 2.22961 0.05
1000110000101111000011 0.107547 2.22961 0.05
1000110000101111000011 0.107547 2.22961 0.05
1000110000101111000011 0.107547 2.22961 0.05
1000110000101111000011 0.107547 2.22961 0.05
1000110000101111000011 0.107547 2.22961 0.05
1000110000101111000011 0.107547 2.22961 0.05
1000110000101111000011 0.107547 2.22961 0.05
1000110000101111000011 0.107547 2.22961 0.05
1000110000101111000011 0.107547 2.22961 0.05
1000110000101111000011 0.107547 2.22961 0.05
1000110000101111000011 0.107547 2.22961 0.05
1000110000101111000011 0.107547 2.22961 0.05
1000110000101111000011 0.107547 2.22961 0.05

Step 40:
Populatia dupa crossover:
1000110000101111000011 0.107547 2.22961 0.05
1000110000101111000011 0.107547 2.22961 0.05
1000110000101111000011 0.107547 2.22961 0.05
1000110000101111000011 0.107547 2.22961 0.05
1000110000101111000011 0.107547 2.22961 0.05
1000110000101111000011 0.107547 2.22961 0.05
1000110000101111000011 0.107547 2.22961 0.05
1000110000101111000011 0.107547 2.22961 0.05
1000110000101111000011 0.107547 2.22961 0.05
1000110000101111000011 0.107547 2.22961 0.05
1000110000101111000011 0.107547 2.22961 0.05
1000110000101111000011 0.107547 2.22961 0.05
1000110000101111000011 0.107547 2.22961 0.05
1000110000101111000011 0.107547 2.22961 0.05
1000110000101111000011 0.107547 2.22961 0.05
1000110000101111000011 0.107547 2.22961 0.05
1000110000101111000011 0.107547 2.22961 0.05
1000110000101111000011 0.107547 2.22961 0.05
1000110000101111000011 0.107547 2.22961 0.05
1000110000101111000011 0.107547 2.22961 0.05

Step 41:
Populatia dupa crossover:
1000110000101111000011 0.107547 2.22961 0.05
1000110000101111000011 0.107547 2.22961 0.05
1000110000101111000011 0.107547 2.22961 0.05
1000110000101111000011 0.107547 2.22961 0.05
1000110000101111000011 0.107547 2.22961 0.05
1000110000101111000011 0.107547 2.22961 0.05
1000110000101111000011 0.107547 2.22961 0.05
1000110000101111000011 0.107547 2.22961 0.05
1000110000101111000011 0.107547 2.22961 0.05
1000110000101111000011 0.107547 2.22961 0.05
1000110000101111000011 0.107547 2.22961 0.05
1000110000101111000011 0.107547 2.22961 0.05
1000110000101111000011 0.107547 2.22961 0.05
1000110000101111000011 0.107547 2.22961 0.05
1000110000101111000011 0.107547 2.22961 0.05
1000110000101111000011 0.107547 2.22961 0.05
1000110000101111000011 0.107547 2.22961 0.05
1000110000101111000011 0.107547 2.22961 0.05
1000110000101111000011 0.107547 2.22961 0.05
1000110000101111000011 0.107547 2.22961 0.05

Step 42:
Populatia dupa crossover:
1000110000101111000011 0.107547 2.22961 0.05
1000110000101111000011 0.107547 2.22961 0.05
1000110000101111000011 0.107547 2.22961 0.05
1000110000101111000011 0.107547 2.22961 0.05
1000110000101111000011 0.107547 2.22961 0.05
1000110000101111000011 0.107547 2.22961 0.05
1000110000101111000011 0.107547 2.22961 0.05
1000110000101111000011 0.107547 2.22961 0.05
1000110000101111000011 0.107547 2.22961 0.05
1000110000101111000011 0.107547 2.22961 0.05
1000110000101111000011 0.107547 2.22961 0.05
1000110000101111000011 0.107547 2.22961 0.05
1000110000101111000011 0.107547 2.22961 0.05
1000110000101111000011 0.107547 2.22961 0.05
1000110000101111000011 0.107547 2.22961 0.05
1000110000101111000011 0.107547 2.22961 0.05
1000110000101111000011 0.107547 2.22961 0.05
1000110000101111000011 0.107547 2.22961 0.05
1000110000101111000011 0.107547 2.22961 0.05
1000110000101111000011 0.107547 2.22961 0.05

Step 43:
Populatia dupa crossover:
1000110000101111000011 0.107547 2.22961 0.05
1000110000101111000011 0.107547 2.22961 0.05
1000110000101111000011 0.107547 2.22961 0.05
1000110000101111000011 0.107547 2.22961 0.05
1000110000101111000011 0.107547 2.22961 0.05
1000110000101111000011 0.107547 2.22961 0.05
1000110000101111000011 0.107547 2.22961 0.05
1000110000101111000011 0.107547 2.22961 0.05
1000110000101111000011 0.107547 2.22961 0.05
1000110000101111000011 0.107547 2.22961 0.05
1000110000101111000011 0.107547 2.22961 0.05
1000110000101111000011 0.107547 2.22961 0.05
1000110000101111000011 0.107547 2.22961 0.05
1000110000101111000011 0.107547 2.22961 0.05
1000110000101111000011 0.107547 2.22961 0.05
1000110000101111000011 0.107547 2.22961 0.05
1000110000101111000011 0.107547 2.22961 0.05
1000110000101111000011 0.107547 2.22961 0.05
1000110000101111000011 0.107547 2.22961 0.05
1000110000101111000011 0.107547 2.22961 0.05

Step 44:
Populatia dupa crossover:
1000110000101111000011 0.107547 2.22961 0.05
1000110000101111000011 0.107547 2.22961 0.05
1000110000101111000011 0.107547 2.22961 0.05
1000110000101111000011 0.107547 2.22961 0.05
1000110000101111000011 0.107547 2.22961 0.05
1000110000101111000011 0.107547 2.22961 0.05
1000110000101111000011 0.107547 2.22961 0.05
1000110000101111000011 0.107547 2.22961 0.05
1000110000101111000011 0.107547 2.22961 0.05
1000110000101111000011 0.107547 2.22961 0.05
1000110000101111000011 0.107547 2.22961 0.05
1000110000101111000011 0.107547 2.22961 0.05
1000110000101111000011 0.107547 2.22961 0.05
1000110000101111000011 0.107547 2.22961 0.05
1000110000101111000011 0.107547 2.22961 0.05
1000110000101111000011 0.107547 2.22961 0.05
1000110000101111000011 0.107547 2.22961 0.05
1000110000101111000011 0.107547 2.22961 0.05
1000110000101111000011 0.107547 2.22961 0.05
1000110000101111000011 0.107547 2.22961 0.05

Step 45:
Populatia dupa crossover:
1000110000101111000011 0.107547 2.22961 0.05
1000110000101111000011 0.107547 2.22961 0.05
1000110000101111000011 0.107547 2.22961 0.05
1000110000101111000011 0.107547 2.22961 0.05
1000110000101111000011 0.107547 2.22961 0.05
1000110000101111000011 0.107547 2.22961 0.05
1000110000101111000011 0.107547 2.22961 0.05
1000110000101111000011 0.107547 2.22961 0.05
1000110000101111000011 0.107547 2.22961 0.05
1000110000101111000011 0.107547 2.22961 0.05
1000110000101111000011 0.107547 2.22961 0.05
1000110000101111000011 0.107547 2.22961 0.05
1000110000101111000011 0.107547 2.22961 0.05
1000110000101111000011 0.107547 2.22961 0.05
1000110000101111000011 0.107547 2.22961 0.05
1000110000101111000011 0.107547 2.22961 0.05
1000110000101111000011 0.107547 2.22961 0.05
1000110000101111000011 0.107547 2.22961 0.05
1000110000101111000011 0.107547 2.22961 0.05
1000110000101111000011 0.107547 2.22961 0.05

Step 46:
Populatia dupa crossover:
1000110000101111000011 0.107547 2.22961 0.05
1000110000101111000011 0.107547 2.22961 0.05
1000110000101111000011 0.107547 2.22961 0.05
1000110000101111000011 0.107547 2.22961 0.05
1000110000101111000011 0.107547 2.22961 0.05
1000110000101111000011 0.107547 2.22961 0.05
1000110000101111000011 0.107547 2.22961 0.05
1000110000101111000011 0.107547 2.22961 0.05
1000110000101111000011 0.107547 2.22961 0.05
1000110000101111000011 0.107547 2.22961 0.05
1000110000101111000011 0.107547 2.22961 0.05
1000110000101111000011 0.107547 2.22961 0.05
1000110000101111000011 0.107547 2.22961 0.05
1000110000101111000011 0.107547 2.22961 0.05
1000110000101111000011 0.107547 2.22961 0.05
1000110000101111000011 0.107547 2.22961 0.05
1000110000101111000011 0.107547 2.22961 0.05
1000110000101111000011 0.107547 2.22961 0.05
1000110000101111000011 0.107547 2.22961 0.05
1000110000101111000011 0.107547 2.22961 0.05

Step 47:
Populatia dupa crossover:
1000110000101111000011 0.107547 2.22961 0.05
1000110000101111000011 0.107547 2.22961 0.05
1000110000101111000011 0.107547 2.22961 0.05
1000110000101111000011 0.107547 2.22961 0.05
1000110000101111000011 0.107547 2.22961 0.05
1000110000101111000011 0.107547 2.22961 0.05
1000110000101111000011 0.107547 2.22961 0.05
1000110000101111000011 0.107547 2.22961 0.05
1000110000101111000011 0.107547 2.22961 0.05
1000110000101111000011 0.107547 2.22961 0.05
1000110000101111000011 0.107547 2.22961 0.05
1000110000101111000011 0.107547 2.22961 0.05
1000110000101111000011 0.107547 2.22961 0.05
1000110000101111000011 0.107547 2.22961 0.05
1000110000101111000011 0.107547 2.22961 0.05
1000110000101111000011 0.107547 2.22961 0.05
1000110000101111000011 0.107547 2.22961 0.05
1000110000101111000011 0.107547 2.22961 0.05
1000110000101111000011 0.107547 2.22961 0.05
1000110000101111000011 0.107547 2.22961 0.05

Step 48:
Populatia dupa crossover:
1000110000101111000011 0.107547 2.22961 0.05
1000110000101111000011 0.107547 2.22961 0.05
1000110000101111000011 0.107547 2.22961 0.05
1000110000101111000011 0.107547 2.22961 0.05
1000110000101111000011 0.107547 2.22961 0.05
1000110000101111000011 0.107547 2.22961 0.05
1000110000101111000011 0.107547 2.22961 0.05
1000110000101111000011 0.107547 2.22961 0.05
1000110000101111000011 0.107547 2.22961 0.05
1000110000101111000011 0.107547 2.22961 0.05
1000110000101111000011 0.107547 2.22961 0.05
1000110000101111000011 0.107547 2.22961 0.05
1000110000101111000011 0.107547 2.22961 0.05
1000110000101111000011 0.107547 2.22961 0.05
1000110000101111000011 0.107547 2.22961 0.05
1000110000101111000011 0.107547 2.22961 0.05
1000110000101111000011 0.107547 2.22961 0.05
1000110000101111000011 0.107547 2.22961 0.05
1000110000101111000011 0.107547 2.22961 0.05
1000110000101111000011 0.107547 2.22961 0.05

Step 49:
Populatia dupa crossover:
1000110000101111000011 0.107547 2.22961 0.05
1000110000101111000011 0.107547 2.22961 0.05
1000110000101111000011 0.107547 2.22961 0.05
1000110000101111000011 0.107547 2.22961 0.05
1000110000101111000011 0.107547 2.22961 0.05
1000110000101111000011 0.107547 2.22961 0.05
1000110000101111000011 0.107547 2.22961 0.05
1000110000101111000011 0.107547 2.22961 0.05
1000110000101111000011 0.107547 2.22961 0.05
1000110000101111000011 0.107547 2.22961 0.05
1000110000101111000011 0.107547 2.22961 0.05
1000110000101111000011 0.107547 2.22961 0.05
1000110000101111000011 0.107547 2.22961 0.05
1000110000101111000011 0.107547 2.22961 0.05
1000110000101111000011 0.107547 2.22961 0.05
1000110000101111000011 0.107547 2.22961 0.05
1000110000101111000011 0.107547 2.22961 0.05
1000110000101111000011 0.107547 2.22961 0.05
1000110000101111000011 0.107547 2.22961 0.05
1000110000101111000011 0.107547 2.22961 0.05

